WARNING: A conda environment already exists at '/users/e/l/elongman/.conda/envs/multiqc'
Remove existing environment (y/[n])? 

CondaSystemExit: Exiting.

Collecting package metadata (current_repodata.json): ...working... done
Solving environment: ...working... done


==> WARNING: A newer version of conda exists. <==
  current version: 23.7.4
  latest version: 24.1.2

Please update conda by running

    $ conda update -n base -c defaults conda

Or to minimize the number of packages updated during conda update use

     conda install conda=24.1.2



# All requested packages already installed.

Working fastqc folder exist
lets move on
Wed Mar 13 13:57:42 EDT 2024
Working fastqc folder exist
lets move on
Wed Mar 13 13:57:42 EDT 2024
Working fastqc folder exist
lets move on
Wed Mar 13 13:57:42 EDT 2024
Working fastqc folder exist
lets move on
Wed Mar 13 13:57:42 EDT 2024
cp: omitting directory ‘L002’
cp: omitting directory ‘L007’
cp: omitting directory ‘L008’
/users/e/l/elongman/.conda/envs/multiqc/lib/python2.7/site-packages/multiqc-1.0.dev0-py2.7.egg/multiqc/utils/config.py:44: YAMLLoadWarning: calling yaml.load() without Loader=... is deprecated, as the default Loader is unsafe. Please read https://msg.pyyaml.org/load for full details.
  configs = yaml.load(f)
/users/e/l/elongman/.conda/envs/multiqc/lib/python2.7/site-packages/multiqc-1.0.dev0-py2.7.egg/multiqc/utils/config.py:50: YAMLLoadWarning: calling yaml.load() without Loader=... is deprecated, as the default Loader is unsafe. Please read https://msg.pyyaml.org/load for full details.
  sp = yaml.load(f)
[INFO   ]         multiqc : This is MultiQC v1.0.dev0
[INFO   ]         multiqc : Template    : default
[INFO   ]         multiqc : Searching '.'
[INFO   ]          fastqc : Found 1152 reports
[INFO   ]         multiqc : Report      : multiqc/multiqc_report_all.html
[INFO   ]         multiqc : Data        : multiqc/multiqc_report_all_data
[INFO   ]         multiqc : MultiQC complete
/users/e/l/elongman/.conda/envs/multiqc/lib/python2.7/site-packages/multiqc-1.0.dev0-py2.7.egg/multiqc/utils/config.py:44: YAMLLoadWarning: calling yaml.load() without Loader=... is deprecated, as the default Loader is unsafe. Please read https://msg.pyyaml.org/load for full details.
  configs = yaml.load(f)
/users/e/l/elongman/.conda/envs/multiqc/lib/python2.7/site-packages/multiqc-1.0.dev0-py2.7.egg/multiqc/utils/config.py:50: YAMLLoadWarning: calling yaml.load() without Loader=... is deprecated, as the default Loader is unsafe. Please read https://msg.pyyaml.org/load for full details.
  sp = yaml.load(f)
[INFO   ]         multiqc : This is MultiQC v1.0.dev0
[INFO   ]         multiqc : Template    : default
[INFO   ]         multiqc : Searching './L002'
[INFO   ]          fastqc : Found 384 reports
[INFO   ]         multiqc : Report      : multiqc/multiqc_report_L002.html
[INFO   ]         multiqc : Data        : multiqc/multiqc_report_L002_data
[INFO   ]         multiqc : MultiQC complete
/users/e/l/elongman/.conda/envs/multiqc/lib/python2.7/site-packages/multiqc-1.0.dev0-py2.7.egg/multiqc/utils/config.py:44: YAMLLoadWarning: calling yaml.load() without Loader=... is deprecated, as the default Loader is unsafe. Please read https://msg.pyyaml.org/load for full details.
  configs = yaml.load(f)
/users/e/l/elongman/.conda/envs/multiqc/lib/python2.7/site-packages/multiqc-1.0.dev0-py2.7.egg/multiqc/utils/config.py:50: YAMLLoadWarning: calling yaml.load() without Loader=... is deprecated, as the default Loader is unsafe. Please read https://msg.pyyaml.org/load for full details.
  sp = yaml.load(f)
[INFO   ]         multiqc : This is MultiQC v1.0.dev0
[INFO   ]         multiqc : Template    : default
[INFO   ]         multiqc : Searching './L007'
[INFO   ]          fastqc : Found 384 reports
[INFO   ]         multiqc : Report      : multiqc/multiqc_report_L007.html
[INFO   ]         multiqc : Data        : multiqc/multiqc_report_L007_data
[INFO   ]         multiqc : MultiQC complete
/users/e/l/elongman/.conda/envs/multiqc/lib/python2.7/site-packages/multiqc-1.0.dev0-py2.7.egg/multiqc/utils/config.py:44: YAMLLoadWarning: calling yaml.load() without Loader=... is deprecated, as the default Loader is unsafe. Please read https://msg.pyyaml.org/load for full details.
  configs = yaml.load(f)
/users/e/l/elongman/.conda/envs/multiqc/lib/python2.7/site-packages/multiqc-1.0.dev0-py2.7.egg/multiqc/utils/config.py:50: YAMLLoadWarning: calling yaml.load() without Loader=... is deprecated, as the default Loader is unsafe. Please read https://msg.pyyaml.org/load for full details.
  sp = yaml.load(f)
[INFO   ]         multiqc : This is MultiQC v1.0.dev0
[INFO   ]         multiqc : Template    : default
[INFO   ]         multiqc : Searching './L008'
[INFO   ]          fastqc : Found 384 reports
[INFO   ]         multiqc : Report      : multiqc/multiqc_report_L008.html
[INFO   ]         multiqc : Data        : multiqc/multiqc_report_L008_data
[INFO   ]         multiqc : MultiQC complete
