WARNING: A conda environment already exists at '/users/e/l/elongman/.conda/envs/multiqc'
Remove existing environment (y/[n])? 

CondaSystemExit: Exiting.

Collecting package metadata (current_repodata.json): ...working... done
Solving environment: ...working... done


==> WARNING: A newer version of conda exists. <==
  current version: 23.7.4
  latest version: 24.1.2

Please update conda by running

    $ conda update -n base -c defaults conda

Or to minimize the number of packages updated during conda update use

     conda install conda=24.1.2



# All requested packages already installed.

/var/spool/slurm/d/job17160661/slurm_script: line 43: =/gpfs2/scratch/elongman/Nucella_can_drilling_genomics/data/processed/fastqc: No such file or directory
/users/e/l/elongman/.conda/envs/multiqc/lib/python2.7/site-packages/multiqc-1.0.dev0-py2.7.egg/multiqc/utils/config.py:44: YAMLLoadWarning: calling yaml.load() without Loader=... is deprecated, as the default Loader is unsafe. Please read https://msg.pyyaml.org/load for full details.
  configs = yaml.load(f)
/users/e/l/elongman/.conda/envs/multiqc/lib/python2.7/site-packages/multiqc-1.0.dev0-py2.7.egg/multiqc/utils/config.py:50: YAMLLoadWarning: calling yaml.load() without Loader=... is deprecated, as the default Loader is unsafe. Please read https://msg.pyyaml.org/load for full details.
  sp = yaml.load(f)
[INFO   ]         multiqc : This is MultiQC v1.0.dev0
[INFO   ]         multiqc : Template    : default
[ERROR  ]         multiqc : MultiQC Report 'multiqc_report.html' already exists.
[INFO   ]         multiqc : Use -f or --force to overwrite existing reports
Working fastqc folder exist
lets move on
Wed Mar 13 13:24:10 EDT 2024
Working fastqc folder exist
lets move on
Wed Mar 13 13:24:10 EDT 2024
Working fastqc folder exist
lets move on
Wed Mar 13 13:24:10 EDT 2024
cp: omitting directory ‘L002’
cp: omitting directory ‘L007’
cp: omitting directory ‘L008’
/users/e/l/elongman/.conda/envs/multiqc/lib/python2.7/site-packages/multiqc-1.0.dev0-py2.7.egg/multiqc/utils/config.py:44: YAMLLoadWarning: calling yaml.load() without Loader=... is deprecated, as the default Loader is unsafe. Please read https://msg.pyyaml.org/load for full details.
  configs = yaml.load(f)
/users/e/l/elongman/.conda/envs/multiqc/lib/python2.7/site-packages/multiqc-1.0.dev0-py2.7.egg/multiqc/utils/config.py:50: YAMLLoadWarning: calling yaml.load() without Loader=... is deprecated, as the default Loader is unsafe. Please read https://msg.pyyaml.org/load for full details.
  sp = yaml.load(f)
[INFO   ]         multiqc : This is MultiQC v1.0.dev0
[INFO   ]         multiqc : Template    : default
[INFO   ]         multiqc : Searching '.'
[INFO   ]          fastqc : Found 384 reports
[INFO   ]         multiqc : Report      : multiqc_report.html
[INFO   ]         multiqc : Data        : multiqc_data
[INFO   ]         multiqc : MultiQC complete
/var/spool/slurm/d/job17160661/slurm_script: line 91: cd: L007/: No such file or directory
/users/e/l/elongman/.conda/envs/multiqc/lib/python2.7/site-packages/multiqc-1.0.dev0-py2.7.egg/multiqc/utils/config.py:44: YAMLLoadWarning: calling yaml.load() without Loader=... is deprecated, as the default Loader is unsafe. Please read https://msg.pyyaml.org/load for full details.
  configs = yaml.load(f)
/users/e/l/elongman/.conda/envs/multiqc/lib/python2.7/site-packages/multiqc-1.0.dev0-py2.7.egg/multiqc/utils/config.py:50: YAMLLoadWarning: calling yaml.load() without Loader=... is deprecated, as the default Loader is unsafe. Please read https://msg.pyyaml.org/load for full details.
  sp = yaml.load(f)
[INFO   ]         multiqc : This is MultiQC v1.0.dev0
[INFO   ]         multiqc : Template    : default
[ERROR  ]         multiqc : MultiQC Report 'multiqc_report.html' already exists.
[INFO   ]         multiqc : Use -f or --force to overwrite existing reports
/var/spool/slurm/d/job17160661/slurm_script: line 94: cd: L008/: No such file or directory
/users/e/l/elongman/.conda/envs/multiqc/lib/python2.7/site-packages/multiqc-1.0.dev0-py2.7.egg/multiqc/utils/config.py:44: YAMLLoadWarning: calling yaml.load() without Loader=... is deprecated, as the default Loader is unsafe. Please read https://msg.pyyaml.org/load for full details.
  configs = yaml.load(f)
/users/e/l/elongman/.conda/envs/multiqc/lib/python2.7/site-packages/multiqc-1.0.dev0-py2.7.egg/multiqc/utils/config.py:50: YAMLLoadWarning: calling yaml.load() without Loader=... is deprecated, as the default Loader is unsafe. Please read https://msg.pyyaml.org/load for full details.
  sp = yaml.load(f)
[INFO   ]         multiqc : This is MultiQC v1.0.dev0
[INFO   ]         multiqc : Template    : default
[ERROR  ]         multiqc : MultiQC Report 'multiqc_report.html' already exists.
[INFO   ]         multiqc : Use -f or --force to overwrite existing reports
